250815 15:xxx:xxx mysqld_safe Starting mariadbd daemon with databases from /db1/myserver/mariadb/data
2025-08-15 15:xxx:xxx 0 [Note] Starting MariaDB 10.11.14-MariaDB-log source revision 053f9bcb5b147bf00edb99e1310bae9125b7f125 server_uid /9bIqikmmumfUmtRKI2HIde1T6c= as process 4390
2025-08-15 15:xxx:xxx 0 [Note] InnoDB: Compressed tables use zlib 1.3.1
2025-08-15 15:xxx:xxx 0 [Note] InnoDB: Number of transaction pools: 1
2025-08-15 15:xxx:xxx 0 [Note] InnoDB: Using crc32 + pclmulqdq instructions
2025-08-15 15:xxx:xxx 0 [Note] InnoDB: Using Linux native AIO
2025-08-15 15:xxx:xxx 0 [Note] InnoDB: innodb_buffer_pool_size_max=128m, innodb_buffer_pool_size=128m
2025-08-15 15:xxx:xxx 0 [Note] InnoDB: Completed initialization of buffer pool
2025-08-15 15:xxx:xxx 0 [Note] InnoDB: File system buffers for log disabled (block size=4096 bytes)
2025-08-15 15:xxx:xxx 0 [Note] InnoDB: End of log at LSN=46846
2025-08-15 15:xxx:xxx 0 [Note] InnoDB: 128 rollback segments are active.
2025-08-15 15:xxx:xxx 0 [Note] InnoDB: Setting file './ibtmp1' size to 12.000MiB. Physically writing the file full; Please wait ...
2025-08-15 15:xxx:xxx 0 [Note] InnoDB: File './ibtmp1' size is now 12.000MiB.
2025-08-15 15:xxx:xxx 0 [Note] InnoDB: log sequence number 46846; transaction id 14
2025-08-15 15:xxx:xxx 0 [Note] Plugin 'FEEDBACK' is disabled.
2025-08-15 15:xxx:xxx 0 [Note] InnoDB: Loading buffer pool(s) from /db1/myserver/mariadb/data/ib_buffer_pool
2025-08-15 15:xxx:xxx 0 [Note] Server socket created on IP: 'xxx.xxx.xxx.xxx', port: '3306'.
2025-08-15 15:xxx:xxx 0 [Note] InnoDB: Buffer pool(s) load completed at 250815 15:xxx:xxx
2025-08-15 15:xxx:xxx 0 [Note] /db1/myserver/mariadb/mariadb_files/bin/mariadbd: ready for connections.
Version: '10.11.14-MariaDB-log'  socket: '/db1/myserver/mariadb/run/mysql.sock'  port xxx  MariaDB Server
2025-08-15 15:xxx:xxx 3 [Warning] Access denied for user 'root'@'localhost'
2025-08-15 15:xxx:xxx 4 [Warning] Access denied for user 'root'@'localhost'
250815 15:xxx:xxx mysqld_safe Starting mariadbd daemon with databases from /db1/myserver/mariadb/data
2025-08-15 15:xxx:xxx 0 [Note] Starting MariaDB 10.11.14-MariaDB-log source revision 053f9bcb5b147bf00edb99e1310bae9125b7f125 server_uid /9bIqikmmumfUmtRKI2HIde1T6c= as process 4548
2025-08-15 15:xxx:xxx 0 [ERROR] mariadbd: Can't lock aria control file '/db1/myserver/mariadb/data/aria_log_control' for exclusive use, error: 11. Will retry for 30 seconds
2025-08-15 15:xxx:xxx 0 [ERROR] mariadbd: Got error 'Could not get an exclusive lock; file is probably in use by another process' when trying to use aria control file '/db1/myserver/mariadb/data/aria_log_control'
2025-08-15 15:xxx:xxx 0 [ERROR] Plugin 'Aria' registration as a STORAGE ENGINE failed.
2025-08-15 15:xxx:xxx 0 [Note] InnoDB: Compressed tables use zlib 1.3.1
2025-08-15 15:xxx:xxx 0 [Note] InnoDB: Number of transaction pools: 1
2025-08-15 15:xxx:xxx 0 [Note] InnoDB: Using crc32 + pclmulqdq instructions
2025-08-15 15:xxx:xxx 0 [Note] InnoDB: Using Linux native AIO
2025-08-15 15:xxx:xxx 0 [Note] InnoDB: innodb_buffer_pool_size_max=128m, innodb_buffer_pool_size=128m
2025-08-15 15:xxx:xxx 0 [Note] InnoDB: Completed initialization of buffer pool
2025-08-15 15:xxx:xxx 0 [Note] InnoDB: File system buffers for log disabled (block size=4096 bytes)
2025-08-15 15:xxx:xxx 0 [ERROR] InnoDB: Unable to lock ./ibdata1 error: 11
2025-08-15 15:xxx:xxx 0 [Note] InnoDB: Check that you do not already have another mariadbd process using the same InnoDB data or log files.
2025-08-15 15:xxx:xxx 0 [ERROR] InnoDB: Plugin initialization aborted with error Generic error
2025-08-15 15:xxx:xxx 0 [Note] InnoDB: Starting shutdown...
2025-08-15 15:xxx:xxx 0 [ERROR] Plugin 'InnoDB' registration as a STORAGE ENGINE failed.
2025-08-15 15:xxx:xxx 0 [Note] Plugin 'FEEDBACK' is disabled.
2025-08-15 15:xxx:xxx 0 [ERROR] Could not open mysql.plugin table: "Unknown storage engine 'Aria'". Some plugins may be not loaded
2025-08-15 15:xxx:xxx 0 [ERROR] Failed to initialize plugins.
2025-08-15 15:xxx:xxx 0 [ERROR] Aborting
250815 15:xxx:xxx mysqld_safe mysqld from pid file /db1/myserver/mariadb/run/mysqld.pid ended
250815 15:xxx:xxx mysqld_safe Starting mariadbd daemon with databases from /db1/myserver/mariadb/data
2025-08-15 15:xxx:xxx 0 [Note] Starting MariaDB 10.11.14-MariaDB-log source revision 053f9bcb5b147bf00edb99e1310bae9125b7f125 server_uid /9bIqikmmumfUmtRKI2HIde1T6c= as process 4676
2025-08-15 15:xxx:xxx 0 [ERROR] mariadbd: Can't lock aria control file '/db1/myserver/mariadb/data/aria_log_control' for exclusive use, error: 11. Will retry for 30 seconds
2025-08-15 15:xxx:xxx 0 [ERROR] mariadbd: Got error 'Could not get an exclusive lock; file is probably in use by another process' when trying to use aria control file '/db1/myserver/mariadb/data/aria_log_control'
2025-08-15 15:xxx:xxx 0 [ERROR] Plugin 'Aria' registration as a STORAGE ENGINE failed.
2025-08-15 15:xxx:xxx 0 [Note] InnoDB: Compressed tables use zlib 1.3.1
2025-08-15 15:xxx:xxx 0 [Note] InnoDB: Number of transaction pools: 1
2025-08-15 15:xxx:xxx 0 [Note] InnoDB: Using crc32 + pclmulqdq instructions
2025-08-15 15:xxx:xxx 0 [Note] InnoDB: Using Linux native AIO
2025-08-15 15:xxx:xxx 0 [Note] InnoDB: innodb_buffer_pool_size_max=128m, innodb_buffer_pool_size=128m
2025-08-15 15:xxx:xxx 0 [Note] InnoDB: Completed initialization of buffer pool
2025-08-15 15:xxx:xxx 0 [Note] InnoDB: File system buffers for log disabled (block size=4096 bytes)
2025-08-15 15:xxx:xxx 0 [ERROR] InnoDB: Unable to lock ./ibdata1 error: 11
2025-08-15 15:xxx:xxx 0 [Note] InnoDB: Check that you do not already have another mariadbd process using the same InnoDB data or log files.
2025-08-15 15:xxx:xxx 0 [ERROR] InnoDB: Plugin initialization aborted with error Generic error
2025-08-15 15:xxx:xxx 0 [Note] InnoDB: Starting shutdown...
2025-08-15 15:xxx:xxx 0 [ERROR] Plugin 'InnoDB' registration as a STORAGE ENGINE failed.
2025-08-15 15:xxx:xxx 0 [Note] Plugin 'FEEDBACK' is disabled.
2025-08-15 15:xxx:xxx 0 [ERROR] Could not open mysql.plugin table: "Unknown storage engine 'Aria'". Some plugins may be not loaded
2025-08-15 15:xxx:xxx 0 [ERROR] Failed to initialize plugins.
2025-08-15 15:xxx:xxx 0 [ERROR] Aborting
250815 15:xxx:xxx mysqld_safe mysqld from pid file /db1/myserver/mariadb/run/mysqld.pid ended
2025-08-15 15:xxx:xxx 5 [Warning] Access denied for user 'root'@'localhost'
2025-08-15 15:xxx:xxx 6 [Warning] Access denied for user 'root'@'localhost'
2025-08-15 16:xxx:xxx 0 [Note] /db1/myserver/mariadb/mariadb_files/bin/mariadbd (initiated by: unknown): Normal shutdown
2025-08-15 16:xxx:xxx 0 [Note] InnoDB: FTS optimize thread exiting.
2025-08-15 16:xxx:xxx 0 [Note] InnoDB: Starting shutdown...
2025-08-15 16:xxx:xxx 0 [Note] InnoDB: Dumping buffer pool(s) to /db1/myserver/mariadb/data/ib_buffer_pool
2025-08-15 16:xxx:xxx 0 [Note] InnoDB: Buffer pool(s) dump completed at 250815 16:xxx:xxx
2025-08-15 16:xxx:xxx 0 [Note] InnoDB: Removed temporary tablespace data file: "./ibtmp1"
2025-08-15 16:xxx:xxx 0 [Note] InnoDB: Shutdown completed; log sequence number 46846; transaction id 15
2025-08-15 16:xxx:xxx 0 [Note] /db1/myserver/mariadb/mariadb_files/bin/mariadbd: Shutdown complete
250815 16:xxx:xxx mysqld_safe mysqld from pid file /db1/myserver/mariadb/run/mysqld.pid ended
250815 16:xxx:xxx mysqld_safe Starting mariadbd daemon with databases from /db1/myserver/mariadb/data
2025-08-15 16:xxx:xxx 0 [Note] Starting MariaDB 10.11.14-MariaDB-log source revision 053f9bcb5b147bf00edb99e1310bae9125b7f125 server_uid /9bIqikmmumfUmtRKI2HIde1T6c= as process 4869
2025-08-15 16:xxx:xxx 0 [Note] InnoDB: Compressed tables use zlib 1.3.1
2025-08-15 16:xxx:xxx 0 [Note] InnoDB: Number of transaction pools: 1
2025-08-15 16:xxx:xxx 0 [Note] InnoDB: Using crc32 + pclmulqdq instructions
2025-08-15 16:xxx:xxx 0 [Note] InnoDB: Using Linux native AIO
2025-08-15 16:xxx:xxx 0 [Note] InnoDB: innodb_buffer_pool_size_max=128m, innodb_buffer_pool_size=128m
2025-08-15 16:xxx:xxx 0 [Note] InnoDB: Completed initialization of buffer pool
2025-08-15 16:xxx:xxx 0 [Note] InnoDB: File system buffers for log disabled (block size=4096 bytes)
2025-08-15 16:xxx:xxx 0 [Note] InnoDB: End of log at LSN=46846
2025-08-15 16:xxx:xxx 0 [Note] InnoDB: 128 rollback segments are active.
2025-08-15 16:xxx:xxx 0 [Note] InnoDB: Setting file './ibtmp1' size to 12.000MiB. Physically writing the file full; Please wait ...
2025-08-15 16:xxx:xxx 0 [Note] InnoDB: File './ibtmp1' size is now 12.000MiB.
2025-08-15 16:xxx:xxx 0 [Note] InnoDB: log sequence number 46846; transaction id 14
2025-08-15 16:xxx:xxx 0 [Note] InnoDB: Loading buffer pool(s) from /db1/myserver/mariadb/data/ib_buffer_pool
2025-08-15 16:xxx:xxx 0 [Note] Plugin 'FEEDBACK' is disabled.
2025-08-15 16:xxx:xxx 0 [Note] Server socket created on IP: 'xxx.xxx.xxx.xxx', port: '3306'.
2025-08-15 16:xxx:xxx 0 [Note] InnoDB: Buffer pool(s) load completed at 250815 16:xxx:xxx
2025-08-15 16:xxx:xxx 0 [Note] /db1/myserver/mariadb/mariadb_files/bin/mariadbd: ready for connections.
Version: '10.11.14-MariaDB-log'  socket: '/db1/myserver/mariadb/run/mysql.sock'  port xxx  MariaDB Server
2025-08-15 16:xxx:xxx 3 [Warning] Access denied for user 'root'@'localhost'
2025-08-16  0:xxx:xxx 4 [Warning] Aborted connection 4 to db: 'unconnected' user: 'root' host: 'localhost' (Got timeout reading communication packets)
2025-08-16  0:xxx:xxx 5 [Warning] Aborted connection 5 to db: 'unconnected' user: 'root' host: 'localhost' (Got timeout reading communication packets)
2025-08-19  0:xxx:xxx 0 [Note] /db1/myserver/mariadb/mariadb_files/bin/mariadbd (initiated by: unknown): Normal shutdown
2025-08-19  0:xxx:xxx 0 [Note] InnoDB: FTS optimize thread exiting.
2025-08-19  0:xxx:xxx 0 [Note] InnoDB: Starting shutdown...
2025-08-19  0:xxx:xxx 0 [Note] InnoDB: Dumping buffer pool(s) to /db1/myserver/mariadb/data/ib_buffer_pool
2025-08-19  0:xxx:xxx 0 [Note] InnoDB: Buffer pool(s) dump completed at 250819  0:xxx:xxx
2025-08-19  0:xxx:xxx 0 [Note] InnoDB: Removed temporary tablespace data file: "./ibtmp1"
2025-08-19  0:xxx:xxx 0 [Note] InnoDB: Shutdown completed; log sequence number 46846; transaction id 15
2025-08-19  0:xxx:xxx 0 [Note] /db1/myserver/mariadb/mariadb_files/bin/mariadbd: Shutdown complete
250819 00:xxx:xxx mysqld_safe mysqld from pid file /db1/myserver/mariadb/run/mysqld.pid ended
250904 13:xxx:xxx mysqld_safe Starting mariadbd daemon with databases from /db1/myserver/mariadb/data
2025-09-04 13:xxx:xxx 0 [Note] Starting MariaDB 10.11.14-MariaDB-log source revision 053f9bcb5b147bf00edb99e1310bae9125b7f125 server_uid /9bIqikmmumfUmtRKI2HIde1T6c= as process 1113
2025-09-04 13:xxx:xxx 0 [Note] InnoDB: Compressed tables use zlib 1.3.1
2025-09-04 13:xxx:xxx 0 [Note] InnoDB: Number of transaction pools: 1
2025-09-04 13:xxx:xxx 0 [Note] InnoDB: Using crc32 + pclmulqdq instructions
2025-09-04 13:xxx:xxx 0 [Note] InnoDB: Using Linux native AIO
2025-09-04 13:xxx:xxx 0 [Note] InnoDB: innodb_buffer_pool_size_max=128m, innodb_buffer_pool_size=128m
2025-09-04 13:xxx:xxx 0 [Note] InnoDB: Completed initialization of buffer pool
2025-09-04 13:xxx:xxx 0 [Note] InnoDB: File system buffers for log disabled (block size=4096 bytes)
2025-09-04 13:xxx:xxx 0 [Note] InnoDB: End of log at LSN=46846
2025-09-04 13:xxx:xxx 0 [Note] InnoDB: 128 rollback segments are active.
2025-09-04 13:xxx:xxx 0 [Note] InnoDB: Setting file './ibtmp1' size to 12.000MiB. Physically writing the file full; Please wait ...
2025-09-04 13:xxx:xxx 0 [Note] InnoDB: File './ibtmp1' size is now 12.000MiB.
2025-09-04 13:xxx:xxx 0 [Note] InnoDB: log sequence number 46846; transaction id 14
2025-09-04 13:xxx:xxx 0 [Note] Plugin 'FEEDBACK' is disabled.
2025-09-04 13:xxx:xxx 0 [Note] InnoDB: Loading buffer pool(s) from /db1/myserver/mariadb/data/ib_buffer_pool
2025-09-04 13:xxx:xxx 0 [Note] InnoDB: Buffer pool(s) load completed at 250904 13:xxx:xxx
2025-09-04 13:xxx:xxx 0 [Note] Server socket created on IP: 'xxx.xxx.xxx.xxx', port: '3306'.
2025-09-04 13:xxx:xxx 0 [Note] /db1/myserver/mariadb/mariadb_files/bin/mariadbd: ready for connections.
Version: '10.11.14-MariaDB-log'  socket: '/db1/myserver/mariadb/run/mysql.sock'  port xxx  MariaDB Server
2025-09-04 13:xxx:xxx 3 [Warning] Access denied for user 'root'@'localhost' (using password: NO)
2025-09-04 23:xxx:xxx 0 [Note] /db1/myserver/mariadb/mariadb_files/bin/mariadbd (initiated by: unknown): Normal shutdown
2025-09-04 23:xxx:xxx 0 [Note] InnoDB: FTS optimize thread exiting.
2025-09-04 23:xxx:xxx 0 [Note] InnoDB: Starting shutdown...
2025-09-04 23:xxx:xxx 0 [Note] InnoDB: Dumping buffer pool(s) to /db1/myserver/mariadb/data/ib_buffer_pool
2025-09-04 23:xxx:xxx 0 [Note] InnoDB: Buffer pool(s) dump completed at 250904 23:xxx:xxx
2025-09-04 23:xxx:xxx 0 [Note] InnoDB: Removed temporary tablespace data file: "./ibtmp1"
2025-09-04 23:xxx:xxx 0 [Note] InnoDB: Shutdown completed; log sequence number 46846; transaction id 15
2025-09-04 23:xxx:xxx 0 [Note] /db1/myserver/mariadb/mariadb_files/bin/mariadbd: Shutdown complete
250904 23:xxx:xxx mysqld_safe mysqld from pid file /db1/myserver/mariadb/run/mysqld.pid ended
250906 14:xxx:xxx mysqld_safe Starting mariadbd daemon with databases from /db1/myserver/mariadb/data
2025-09-06 14:xxx:xxx 0 [Note] Starting MariaDB 10.11.14-MariaDB-log source revision 053f9bcb5b147bf00edb99e1310bae9125b7f125 server_uid /9bIqikmmumfUmtRKI2HIde1T6c= as process 1229
2025-09-06 14:xxx:xxx 0 [Note] InnoDB: Compressed tables use zlib 1.3.1
2025-09-06 14:xxx:xxx 0 [Note] InnoDB: Number of transaction pools: 1
2025-09-06 14:xxx:xxx 0 [Note] InnoDB: Using crc32 + pclmulqdq instructions
2025-09-06 14:xxx:xxx 0 [Note] InnoDB: Using Linux native AIO
2025-09-06 14:xxx:xxx 0 [Note] InnoDB: innodb_buffer_pool_size_max=128m, innodb_buffer_pool_size=128m
2025-09-06 14:xxx:xxx 0 [Note] InnoDB: Completed initialization of buffer pool
2025-09-06 14:xxx:xxx 0 [Note] InnoDB: File system buffers for log disabled (block size=4096 bytes)
2025-09-06 14:xxx:xxx 0 [Note] InnoDB: End of log at LSN=46846
2025-09-06 14:xxx:xxx 0 [Note] InnoDB: 128 rollback segments are active.
2025-09-06 14:xxx:xxx 0 [Note] InnoDB: Setting file './ibtmp1' size to 12.000MiB. Physically writing the file full; Please wait ...
2025-09-06 14:xxx:xxx 0 [Note] InnoDB: File './ibtmp1' size is now 12.000MiB.
2025-09-06 14:xxx:xxx 0 [Note] InnoDB: log sequence number 46846; transaction id 14
2025-09-06 14:xxx:xxx 0 [Note] Plugin 'FEEDBACK' is disabled.
2025-09-06 14:xxx:xxx 0 [Note] InnoDB: Loading buffer pool(s) from /db1/myserver/mariadb/data/ib_buffer_pool
2025-09-06 14:xxx:xxx 0 [Note] InnoDB: Buffer pool(s) load completed at 250906 14:xxx:xxx
2025-09-06 14:xxx:xxx 0 [Note] Server socket created on IP: 'xxx.xxx.xxx.xxx', port: '3306'.
2025-09-06 14:xxx:xxx 0 [Note] /db1/myserver/mariadb/mariadb_files/bin/mariadbd: ready for connections.
Version: '10.11.14-MariaDB-log'  socket: '/db1/myserver/mariadb/run/mysql.sock'  port xxx  MariaDB Server
2025-09-06 14:xxx:xxx 3 [Warning] Access denied for user 'root'@'localhost' (using password: NO)
251113 14:xxx:xxx mysqld_safe Starting mariadbd daemon with databases from /db1/myserver/mariadb/data
2025-11-13 14:xxx:xxx 0 [Note] Starting MariaDB 10.11.14-MariaDB-log source revision 053f9bcb5b147bf00edb99e1310bae9125b7f125 server_uid /9bIqikmmumfUmtRKI2HIde1T6c= as process 1136
2025-11-13 14:xxx:xxx 0 [Note] InnoDB: Compressed tables use zlib 1.3.1
2025-11-13 14:xxx:xxx 0 [Note] InnoDB: Number of transaction pools: 1
2025-11-13 14:xxx:xxx 0 [Note] InnoDB: Using crc32 + pclmulqdq instructions
2025-11-13 14:xxx:xxx 0 [Note] InnoDB: Using Linux native AIO
2025-11-13 14:xxx:xxx 0 [Note] InnoDB: innodb_buffer_pool_size_max=128m, innodb_buffer_pool_size=128m
2025-11-13 14:xxx:xxx 0 [Note] InnoDB: Completed initialization of buffer pool
2025-11-13 14:xxx:xxx 0 [Note] InnoDB: File system buffers for log disabled (block size=4096 bytes)
2025-11-13 14:xxx:xxx 0 [Note] InnoDB: End of log at LSN=46846
2025-11-13 14:xxx:xxx 0 [Note] InnoDB: 128 rollback segments are active.
2025-11-13 14:xxx:xxx 0 [Note] InnoDB: Removed temporary tablespace data file: "./ibtmp1"
2025-11-13 14:xxx:xxx 0 [Note] InnoDB: Setting file './ibtmp1' size to 12.000MiB. Physically writing the file full; Please wait ...
2025-11-13 14:xxx:xxx 0 [Note] InnoDB: File './ibtmp1' size is now 12.000MiB.
2025-11-13 14:xxx:xxx 0 [Note] InnoDB: log sequence number 46846; transaction id 14
2025-11-13 14:xxx:xxx 0 [Note] Plugin 'FEEDBACK' is disabled.
2025-11-13 14:xxx:xxx 0 [Note] InnoDB: Loading buffer pool(s) from /db1/myserver/mariadb/data/ib_buffer_pool
2025-11-13 14:xxx:xxx 0 [Note] InnoDB: Buffer pool(s) load completed at 251113 14:xxx:xxx
2025-11-13 14:xxx:xxx 0 [Note] Server socket created on IP: 'xxx.xxx.xxx.xxx', port: '3306'.
2025-11-13 14:xxx:xxx 0 [Note] /db1/myserver/mariadb/mariadb_files/bin/mariadbd: ready for connections.
Version: '10.11.14-MariaDB-log'  socket: '/db1/myserver/mariadb/run/mysql.sock'  port xxx  MariaDB Server
2025-11-13 14:xxx:xxx 3 [Warning] Access denied for user 'root'@'localhost' (using password: NO)
2025-11-13 20:xxx:xxx 0 [Note] /db1/myserver/mariadb/mariadb_files/bin/mariadbd (initiated by: root[root] @ localhost []): Normal shutdown
2025-11-13 20:xxx:xxx 0 [Note] InnoDB: FTS optimize thread exiting.
2025-11-13 20:xxx:xxx 0 [Note] InnoDB: Starting shutdown...
2025-11-13 20:xxx:xxx 0 [Note] InnoDB: Dumping buffer pool(s) to /db1/myserver/mariadb/data/ib_buffer_pool
2025-11-13 20:xxx:xxx 0 [Note] InnoDB: Buffer pool(s) dump completed at 251113 20:xxx:xxx
2025-11-13 20:xxx:xxx 0 [Note] InnoDB: Removed temporary tablespace data file: "./ibtmp1"
2025-11-13 20:xxx:xxx 0 [Note] InnoDB: Shutdown completed; log sequence number 46846; transaction id 15
2025-11-13 20:xxx:xxx 0 [Note] /db1/myserver/mariadb/mariadb_files/bin/mariadbd: Shutdown complete
251113 20:xxx:xxx mysqld_safe mysqld from pid file /db1/myserver/mariadb/run/mysqld.pid ended
251113 20:xxx:xxx mysqld_safe Starting mariadbd daemon with databases from /db1/myserver/mariadb/data
2025-11-13 20:xxx:xxx 0 [Note] Starting MariaDB 10.11.14-MariaDB-log source revision 053f9bcb5b147bf00edb99e1310bae9125b7f125 server_uid /9bIqikmmumfUmtRKI2HIde1T6c= as process 1702
2025-11-13 20:xxx:xxx 0 [Note] InnoDB: Compressed tables use zlib 1.3.1
2025-11-13 20:xxx:xxx 0 [Note] InnoDB: Number of transaction pools: 1
2025-11-13 20:xxx:xxx 0 [Note] InnoDB: Using crc32 + pclmulqdq instructions
2025-11-13 20:xxx:xxx 0 [Note] InnoDB: Using Linux native AIO
2025-11-13 20:xxx:xxx 0 [Note] InnoDB: innodb_buffer_pool_size_max=128m, innodb_buffer_pool_size=128m
2025-11-13 20:xxx:xxx 0 [Note] InnoDB: Completed initialization of buffer pool
2025-11-13 20:xxx:xxx 0 [Note] InnoDB: File system buffers for log disabled (block size=4096 bytes)
2025-11-13 20:xxx:xxx 0 [Note] InnoDB: End of log at LSN=46846
2025-11-13 20:xxx:xxx 0 [Note] InnoDB: 128 rollback segments are active.
2025-11-13 20:xxx:xxx 0 [Note] InnoDB: Setting file './ibtmp1' size to 12.000MiB. Physically writing the file full; Please wait ...
2025-11-13 20:xxx:xxx 0 [Note] InnoDB: File './ibtmp1' size is now 12.000MiB.
2025-11-13 20:xxx:xxx 0 [Note] InnoDB: log sequence number 46846; transaction id 14
2025-11-13 20:xxx:xxx 0 [Note] Plugin 'FEEDBACK' is disabled.
2025-11-13 20:xxx:xxx 0 [Note] InnoDB: Loading buffer pool(s) from /db1/myserver/mariadb/data/ib_buffer_pool
2025-11-13 20:xxx:xxx 0 [Note] Server socket created on IP: 'xxx.xxx.xxx.xxx', port: '3306'.
2025-11-13 20:xxx:xxx 0 [Note] InnoDB: Buffer pool(s) load completed at 251113 20:xxx:xxx
2025-11-13 20:xxx:xxx 0 [Note] /db1/myserver/mariadb/mariadb_files/bin/mariadbd: ready for connections.
Version: '10.11.14-MariaDB-log'  socket: '/db1/myserver/mariadb/run/mysql.sock'  port xxx  MariaDB Server
2025-11-13 20:xxx:xxx 0 [Note] /db1/myserver/mariadb/mariadb_files/bin/mariadbd (initiated by: root[root] @ localhost []): Normal shutdown
2025-11-13 20:xxx:xxx 0 [Note] InnoDB: FTS optimize thread exiting.
2025-11-13 20:xxx:xxx 0 [Note] InnoDB: Starting shutdown...
2025-11-13 20:xxx:xxx 0 [Note] InnoDB: Dumping buffer pool(s) to /db1/myserver/mariadb/data/ib_buffer_pool
2025-11-13 20:xxx:xxx 0 [Note] InnoDB: Buffer pool(s) dump completed at 251113 20:xxx:xxx
2025-11-13 20:xxx:xxx 0 [Note] InnoDB: Removed temporary tablespace data file: "./ibtmp1"
2025-11-13 20:xxx:xxx 0 [Note] InnoDB: Shutdown completed; log sequence number 46846; transaction id 15
2025-11-13 20:xxx:xxx 0 [Note] /db1/myserver/mariadb/mariadb_files/bin/mariadbd: Shutdown complete
251113 20:xxx:xxx mysqld_safe mysqld from pid file /db1/myserver/mariadb/run/mysqld.pid ended
251113 20:xxx:xxx mysqld_safe Starting mariadbd daemon with databases from /db1/myserver/mariadb/data
2025-11-13 20:xxx:xxx 0 [Note] Starting MariaDB 10.11.14-MariaDB-log source revision 053f9bcb5b147bf00edb99e1310bae9125b7f125 server_uid /9bIqikmmumfUmtRKI2HIde1T6c= as process 1863
2025-11-13 20:xxx:xxx 0 [Note] InnoDB: Compressed tables use zlib 1.3.1
2025-11-13 20:xxx:xxx 0 [Note] InnoDB: Number of transaction pools: 1
2025-11-13 20:xxx:xxx 0 [Note] InnoDB: Using crc32 + pclmulqdq instructions
2025-11-13 20:xxx:xxx 0 [Note] InnoDB: Using Linux native AIO
2025-11-13 20:xxx:xxx 0 [Note] InnoDB: innodb_buffer_pool_size_max=128m, innodb_buffer_pool_size=128m
2025-11-13 20:xxx:xxx 0 [Note] InnoDB: Completed initialization of buffer pool
2025-11-13 20:xxx:xxx 0 [Note] InnoDB: File system buffers for log disabled (block size=4096 bytes)
2025-11-13 20:xxx:xxx 0 [Note] InnoDB: End of log at LSN=46846
2025-11-13 20:xxx:xxx 0 [Note] InnoDB: 128 rollback segments are active.
2025-11-13 20:xxx:xxx 0 [Note] InnoDB: Setting file './ibtmp1' size to 12.000MiB. Physically writing the file full; Please wait ...
2025-11-13 20:xxx:xxx 0 [Note] InnoDB: File './ibtmp1' size is now 12.000MiB.
2025-11-13 20:xxx:xxx 0 [Note] InnoDB: log sequence number 46846; transaction id 14
2025-11-13 20:xxx:xxx 0 [Note] InnoDB: Loading buffer pool(s) from /db1/myserver/mariadb/data/ib_buffer_pool
2025-11-13 20:xxx:xxx 0 [Note] Plugin 'FEEDBACK' is disabled.
2025-11-13 20:xxx:xxx 0 [Note] InnoDB: Buffer pool(s) load completed at 251113 20:xxx:xxx
2025-11-13 20:xxx:xxx 0 [Note] Server socket created on IP: 'xxx.xxx.xxx.xxx', port: '3306'.
2025-11-13 20:xxx:xxx 0 [Note] /db1/myserver/mariadb/mariadb_files/bin/mariadbd: ready for connections.
Version: '10.11.14-MariaDB-log'  socket: '/db1/myserver/mariadb/run/mysql.sock'  port xxx  MariaDB Server
